<?xml version="1.0" encoding="UTF-8"?>
<!-- Generated by org.testng.reporters.JUnitXMLReporter -->
<testsuite hostname="DESKTOP-E2LC1BH" ignored="0" name="Default test" tests="3" failures="0" timestamp="24 十月 2017 07:17:35 GMT" time="5.87" errors="0">
  <testcase name="Login" time="5.858" classname="datadriven.TestBase"/>
  <testcase name="something" time="0.001" classname="datadriven.TestBase"/>
  <testcase name="something2" time="0.001" classname="datadriven.TestBase"/>
</testsuite> <!-- Default test -->
