<?xml version="1.0" encoding="UTF-8"?>
<!-- Generated by org.testng.reporters.JUnitXMLReporter -->
<testsuite hostname="DESKTOP-E2LC1BH" ignored="0" name="PackTwo" tests="4" failures="0" timestamp="21 九月 2017 00:10:21 GMT" time="0.015" errors="0">
  <testcase name="test" time="0.002" classname="PackTwo.Annotaitons"/>
  <testcase name="openingBrowser" time="0.001" classname="PackTwo.DependenyAnnotion"/>
  <testcase name="payment" time="0.001" classname="PackTwo.DependenyAnnotion"/>
  <testcase name="check" time="0.0" classname="PackTwo.DependenyAnnotion"/>
</testsuite> <!-- PackTwo -->
