<?xml version="1.0" encoding="UTF-8"?>
<!-- Generated by org.testng.reporters.JUnitXMLReporter -->
<testsuite hostname="DESKTOP-E2LC1BH" ignored="0" name="Smoke Testcase" tests="3" failures="0" timestamp="23 九月 2017 07:08:44 GMT" time="3.326" errors="0">
  <testcase name="Login" time="3.317" classname="datadriven.TestBase"/>
  <testcase name="something" time="0.0" classname="datadriven.TestBase"/>
  <testcase name="something2" time="0.0" classname="datadriven.TestBase"/>
</testsuite> <!-- Smoke Testcase -->
