<?xml version="1.0" encoding="UTF-8"?>
<testng-results skipped="0" failed="0" ignored="0" total="3" passed="3">
  <reporter-output>
  </reporter-output>
  <suite name="Default suite" duration-ms="5870" started-at="2017-10-24T07:17:29Z" finished-at="2017-10-24T07:17:34Z">
    <groups>
    </groups>
    <test name="Default test" duration-ms="5870" started-at="2017-10-24T07:17:29Z" finished-at="2017-10-24T07:17:34Z">
      <class name="datadriven.TestBase">
        <test-method status="PASS" signature="Login()[pri:0, instance:datadriven.TestBase@61832929]" name="Login" duration-ms="5858" started-at="2017-10-24T00:17:29Z" finished-at="2017-10-24T00:17:34Z">
          <reporter-output>
          </reporter-output>
        </test-method> <!-- Login -->
        <test-method status="PASS" signature="something()[pri:0, instance:datadriven.TestBase@61832929]" name="something" duration-ms="1" started-at="2017-10-24T00:17:34Z" finished-at="2017-10-24T00:17:34Z">
          <reporter-output>
          </reporter-output>
        </test-method> <!-- something -->
        <test-method status="PASS" signature="something2()[pri:0, instance:datadriven.TestBase@61832929]" name="something2" duration-ms="1" started-at="2017-10-24T00:17:34Z" finished-at="2017-10-24T00:17:34Z">
          <reporter-output>
          </reporter-output>
        </test-method> <!-- something2 -->
      </class> <!-- datadriven.TestBase -->
    </test> <!-- Default test -->
  </suite> <!-- Default suite -->
</testng-results>
